<?xml version="1.0" encoding="UTF-8"?>
<testng-results ignored="0" total="1" passed="1" failed="0" skipped="0">
  <reporter-output>
  </reporter-output>
  <suite started-at="2021-07-16T06:44:55Z" name="Default suite" finished-at="2021-07-16T06:44:55Z" duration-ms="24">
    <groups>
    </groups>
    <test started-at="2021-07-16T06:44:55Z" name="Default test" finished-at="2021-07-16T06:44:55Z" duration-ms="24">
      <class name="com.basicTest.SeleniumTest">
        <test-method signature="demo2()[pri:0, instance:com.basicTest.SeleniumTest@35dab4eb]" started-at="2021-07-16T06:44:55Z" name="demo2" finished-at="2021-07-16T06:44:55Z" duration-ms="9" status="PASS">
          <reporter-output>
          </reporter-output>
        </test-method> <!-- demo2 -->
      </class> <!-- com.basicTest.SeleniumTest -->
    </test> <!-- Default test -->
  </suite> <!-- Default suite -->
</testng-results>
